<?xml version="1.0" encoding="UTF-8"?>
<!-- Generated by org.testng.reporters.JUnitXMLReporter -->
<testsuite ignored="0" hostname="LAPTOP-T7PI7EN2" failures="0" tests="5" name="amazon" time="154.547" errors="0" timestamp="2023-10-10T16:09:47 IST">
  <testcase classname="testcases.AmazonLoginTest" name="test" time="1.788"/>
  <testcase classname="testcases.AmazonLoginTest" name="test" time="2.195"/>
  <testcase classname="testcases.AmazonLoginTest" name="test" time="2.016"/>
  <testcase classname="testcases.AmazonLoginTest" name="test" time="122.285"/>
  <testcase classname="testcases.AmazonSearch" name="searchtest" time="4.049"/>
</testsuite> <!-- amazon -->
