<?xml version="1.0" encoding="UTF-8"?>
<!-- Generated by org.testng.reporters.JUnitXMLReporter -->
<testsuite ignored="0" hostname="LAPTOP-T7PI7EN2" failures="0" tests="0" name="facebook" time="0.068" errors="0" timestamp="2023-10-10T16:07:12 IST">
  <testcase classname="core.Page" name="@BeforeTest generateLogReport" time="0.014">
    <skipped/>
  </testcase> <!-- @BeforeTest generateLogReport -->
  <testcase classname="core.Page" name="@BeforeClass makeWBConnection" time="-1.696934232844E9">
    <skipped/>
  </testcase> <!-- @BeforeClass makeWBConnection -->
  <testcase classname="core.Page" name="@AfterClass closeWBConnection" time="-1.696934232857E9">
    <skipped/>
  </testcase> <!-- @AfterClass closeWBConnection -->
  <testcase classname="core.Page" name="@AfterTest closeReport" time="-1.696934232861E9">
    <skipped/>
  </testcase> <!-- @AfterTest closeReport -->
</testsuite> <!-- facebook -->
