<?xml version="1.0" encoding="UTF-8"?>
<!-- Generated by org.testng.reporters.JUnitXMLReporter -->
<testsuite ignored="0" hostname="LAPTOP-T7PI7EN2" failures="0" tests="0" name="states" time="0.018" errors="0" timestamp="2023-10-10T16:07:12 IST">
  <testcase classname="core.Page" name="@BeforeTest generateLogReport" time="0.001">
    <skipped/>
  </testcase> <!-- @BeforeTest generateLogReport -->
  <testcase classname="core.Page" name="@BeforeClass makeWBConnection" time="-1.696934232978E9">
    <skipped/>
  </testcase> <!-- @BeforeClass makeWBConnection -->
  <testcase classname="core.Page" name="@AfterClass closeWBConnection" time="-1.696934232982E9">
    <skipped/>
  </testcase> <!-- @AfterClass closeWBConnection -->
  <testcase classname="core.Page" name="@AfterTest closeReport" time="-1.696934232986E9">
    <skipped/>
  </testcase> <!-- @AfterTest closeReport -->
</testsuite> <!-- states -->
