<?xml version="1.0" encoding="UTF-8"?>
<testng-results ignored="0" total="5" passed="5" failed="0" skipped="0">
  <reporter-output>
  </reporter-output>
  <suite started-at="2023-10-10T16:07:12 IST" name="Suite" finished-at="2023-10-10T16:09:47 IST" duration-ms="154753">
    <groups>
    </groups>
    <test started-at="2023-10-10T16:07:12 IST" name="facebook" finished-at="2023-10-10T16:07:12 IST" duration-ms="68">
      <class name="testcases.FacebookTest">
        <test-method is-config="true" signature="generateLogReport(java.lang.String,java.lang.String,java.lang.String)[pri:0, instance:testcases.FacebookTest@6340e5f0]" started-at="2023-10-10T16:07:12 IST" name="generateLogReport" finished-at="2023-10-10T16:07:12 IST" duration-ms="14" status="SKIP">
          <params>
            <param index="0">
              <value>
                <![CDATA[facebook]]>
              </value>
            </param>
            <param index="1">
              <value>
                <![CDATA[dest1]]>
              </value>
            </param>
            <param index="2">
              <value>
                <![CDATA[false]]>
              </value>
            </param>
          </params>
          <exception class="org.testng.SkipException">
            <message>
              <![CDATA[skip test..]]>
            </message>
            <full-stacktrace>
              <![CDATA[org.testng.SkipException: skip test..
at core.Page.generateLogReport(Page.java:159)
at java.base/jdk.internal.reflect.NativeMethodAccessorImpl.invoke0(Native Method)
at java.base/jdk.internal.reflect.NativeMethodAccessorImpl.invoke(NativeMethodAccessorImpl.java:77)
at java.base/jdk.internal.reflect.DelegatingMethodAccessorImpl.invoke(DelegatingMethodAccessorImpl.java:43)
at java.base/java.lang.reflect.Method.invoke(Method.java:568)
at org.testng.internal.MethodInvocationHelper.invokeMethod(MethodInvocationHelper.java:133)
at org.testng.internal.MethodInvocationHelper.invokeMethodConsideringTimeout(MethodInvocationHelper.java:62)
at org.testng.internal.ConfigInvoker.invokeConfigurationMethod(ConfigInvoker.java:385)
at org.testng.internal.ConfigInvoker.invokeConfigurations(ConfigInvoker.java:321)
at org.testng.TestRunner.invokeTestConfigurations(TestRunner.java:637)
at org.testng.TestRunner.beforeRun(TestRunner.java:627)
at org.testng.TestRunner.run(TestRunner.java:589)
at org.testng.SuiteRunner.runTest(SuiteRunner.java:377)
at org.testng.SuiteRunner.runSequentially(SuiteRunner.java:371)
at org.testng.SuiteRunner.privateRun(SuiteRunner.java:332)
at org.testng.SuiteRunner.run(SuiteRunner.java:276)
at org.testng.SuiteRunnerWorker.runSuite(SuiteRunnerWorker.java:53)
at org.testng.SuiteRunnerWorker.run(SuiteRunnerWorker.java:96)
at org.testng.TestNG.runSuitesSequentially(TestNG.java:1212)
at org.testng.TestNG.runSuitesLocally(TestNG.java:1134)
at org.testng.TestNG.runSuites(TestNG.java:1063)
at org.testng.TestNG.run(TestNG.java:1031)
at org.testng.remote.AbstractRemoteTestNG.run(AbstractRemoteTestNG.java:115)
at org.testng.remote.RemoteTestNG.initAndRun(RemoteTestNG.java:251)
at org.testng.remote.RemoteTestNG.main(RemoteTestNG.java:77)
]]>
            </full-stacktrace>
          </exception> <!-- org.testng.SkipException -->
          <reporter-output>
          </reporter-output>
        </test-method> <!-- generateLogReport -->
        <test-method is-config="true" signature="makeWBConnection(java.lang.String,java.lang.String)[pri:0, instance:testcases.FacebookTest@6340e5f0]" started-at="2023-10-10T16:07:12 IST" name="makeWBConnection" finished-at="1970-01-01T05:30:00 IST" duration-ms="-1696934232844" status="SKIP">
          <reporter-output>
          </reporter-output>
        </test-method> <!-- makeWBConnection -->
        <test-method is-config="true" signature="closeWBConnection()[pri:0, instance:testcases.FacebookTest@6340e5f0]" started-at="2023-10-10T16:07:12 IST" name="closeWBConnection" finished-at="1970-01-01T05:30:00 IST" duration-ms="-1696934232857" status="SKIP">
          <reporter-output>
          </reporter-output>
        </test-method> <!-- closeWBConnection -->
        <test-method is-config="true" signature="closeReport()[pri:0, instance:testcases.FacebookTest@6340e5f0]" started-at="2023-10-10T16:07:12 IST" name="closeReport" finished-at="1970-01-01T05:30:00 IST" duration-ms="-1696934232861" status="SKIP">
          <reporter-output>
          </reporter-output>
        </test-method> <!-- closeReport -->
      </class> <!-- testcases.FacebookTest -->
    </test> <!-- facebook -->
    <test started-at="2023-10-10T16:07:12 IST" name="states" finished-at="2023-10-10T16:07:12 IST" duration-ms="18">
      <class name="testcases.StateTest">
        <test-method is-config="true" signature="generateLogReport(java.lang.String,java.lang.String,java.lang.String)[pri:0, instance:testcases.StateTest@cb0755b]" started-at="2023-10-10T16:07:12 IST" name="generateLogReport" finished-at="2023-10-10T16:07:12 IST" duration-ms="1" status="SKIP">
          <params>
            <param index="0">
              <value>
                <![CDATA[states]]>
              </value>
            </param>
            <param index="1">
              <value>
                <![CDATA[dest2]]>
              </value>
            </param>
            <param index="2">
              <value>
                <![CDATA[false]]>
              </value>
            </param>
          </params>
          <exception class="org.testng.SkipException">
            <message>
              <![CDATA[skip test..]]>
            </message>
            <full-stacktrace>
              <![CDATA[org.testng.SkipException: skip test..
at core.Page.generateLogReport(Page.java:159)
at java.base/jdk.internal.reflect.NativeMethodAccessorImpl.invoke0(Native Method)
at java.base/jdk.internal.reflect.NativeMethodAccessorImpl.invoke(NativeMethodAccessorImpl.java:77)
at java.base/jdk.internal.reflect.DelegatingMethodAccessorImpl.invoke(DelegatingMethodAccessorImpl.java:43)
at java.base/java.lang.reflect.Method.invoke(Method.java:568)
at org.testng.internal.MethodInvocationHelper.invokeMethod(MethodInvocationHelper.java:133)
at org.testng.internal.MethodInvocationHelper.invokeMethodConsideringTimeout(MethodInvocationHelper.java:62)
at org.testng.internal.ConfigInvoker.invokeConfigurationMethod(ConfigInvoker.java:385)
at org.testng.internal.ConfigInvoker.invokeConfigurations(ConfigInvoker.java:321)
at org.testng.TestRunner.invokeTestConfigurations(TestRunner.java:637)
at org.testng.TestRunner.beforeRun(TestRunner.java:627)
at org.testng.TestRunner.run(TestRunner.java:589)
at org.testng.SuiteRunner.runTest(SuiteRunner.java:377)
at org.testng.SuiteRunner.runSequentially(SuiteRunner.java:371)
at org.testng.SuiteRunner.privateRun(SuiteRunner.java:332)
at org.testng.SuiteRunner.run(SuiteRunner.java:276)
at org.testng.SuiteRunnerWorker.runSuite(SuiteRunnerWorker.java:53)
at org.testng.SuiteRunnerWorker.run(SuiteRunnerWorker.java:96)
at org.testng.TestNG.runSuitesSequentially(TestNG.java:1212)
at org.testng.TestNG.runSuitesLocally(TestNG.java:1134)
at org.testng.TestNG.runSuites(TestNG.java:1063)
at org.testng.TestNG.run(TestNG.java:1031)
at org.testng.remote.AbstractRemoteTestNG.run(AbstractRemoteTestNG.java:115)
at org.testng.remote.RemoteTestNG.initAndRun(RemoteTestNG.java:251)
at org.testng.remote.RemoteTestNG.main(RemoteTestNG.java:77)
]]>
            </full-stacktrace>
          </exception> <!-- org.testng.SkipException -->
          <reporter-output>
          </reporter-output>
        </test-method> <!-- generateLogReport -->
        <test-method is-config="true" signature="makeWBConnection(java.lang.String,java.lang.String)[pri:0, instance:testcases.StateTest@cb0755b]" started-at="2023-10-10T16:07:12 IST" name="makeWBConnection" finished-at="1970-01-01T05:30:00 IST" duration-ms="-1696934232978" status="SKIP">
          <reporter-output>
          </reporter-output>
        </test-method> <!-- makeWBConnection -->
        <test-method is-config="true" signature="closeWBConnection()[pri:0, instance:testcases.StateTest@cb0755b]" started-at="2023-10-10T16:07:12 IST" name="closeWBConnection" finished-at="1970-01-01T05:30:00 IST" duration-ms="-1696934232982" status="SKIP">
          <reporter-output>
          </reporter-output>
        </test-method> <!-- closeWBConnection -->
        <test-method is-config="true" signature="closeReport()[pri:0, instance:testcases.StateTest@cb0755b]" started-at="2023-10-10T16:07:12 IST" name="closeReport" finished-at="1970-01-01T05:30:00 IST" duration-ms="-1696934232986" status="SKIP">
          <reporter-output>
          </reporter-output>
        </test-method> <!-- closeReport -->
      </class> <!-- testcases.StateTest -->
    </test> <!-- states -->
    <test started-at="2023-10-10T16:07:12 IST" name="amazon" finished-at="2023-10-10T16:09:47 IST" duration-ms="154547">
      <class name="testcases.AmazonLoginTest">
        <test-method is-config="true" signature="generateLogReport(java.lang.String,java.lang.String,java.lang.String)[pri:0, instance:testcases.AmazonLoginTest@4c60d6e9]" started-at="2023-10-10T16:07:13 IST" name="generateLogReport" finished-at="2023-10-10T16:07:13 IST" duration-ms="228" status="PASS">
          <params>
            <param index="0">
              <value>
                <![CDATA[amazon]]>
              </value>
            </param>
            <param index="1">
              <value>
                <![CDATA[dest3]]>
              </value>
            </param>
            <param index="2">
              <value>
                <![CDATA[true]]>
              </value>
            </param>
          </params>
          <reporter-output>
          </reporter-output>
        </test-method> <!-- generateLogReport -->
        <test-method is-config="true" signature="makeWBConnection(java.lang.String,java.lang.String)[pri:0, instance:testcases.AmazonLoginTest@4c60d6e9]" started-at="2023-10-10T16:07:13 IST" name="makeWBConnection" finished-at="2023-10-10T16:07:14 IST" duration-ms="799" status="PASS">
          <params>
            <param index="0">
              <value>
                <![CDATA[facebook.xlsx]]>
              </value>
            </param>
            <param index="1">
              <value>
                <![CDATA[Sheet1]]>
              </value>
            </param>
          </params>
          <reporter-output>
          </reporter-output>
        </test-method> <!-- makeWBConnection -->
        <test-method is-config="true" signature="openBrowser(java.lang.String,java.lang.String)[pri:0, instance:testcases.AmazonLoginTest@4c60d6e9]" started-at="2023-10-10T16:07:14 IST" name="openBrowser" finished-at="2023-10-10T16:07:19 IST" duration-ms="5639" status="PASS">
          <params>
            <param index="0">
              <value>
                <![CDATA[chrome]]>
              </value>
            </param>
            <param index="1">
              <value>
                <![CDATA[https://www.amazon.in/]]>
              </value>
            </param>
          </params>
          <reporter-output>
          </reporter-output>
        </test-method> <!-- openBrowser -->
        <test-method is-config="true" signature="takeScreenShot(java.lang.String)[pri:0, instance:testcases.AmazonLoginTest@4c60d6e9]" started-at="2023-10-10T16:07:19 IST" name="takeScreenShot" finished-at="2023-10-10T16:07:20 IST" depends-on-methods="core.Page.openBrowser" duration-ms="1000" status="PASS">
          <params>
            <param index="0">
              <value>
                <![CDATA[amazon]]>
              </value>
            </param>
          </params>
          <reporter-output>
          </reporter-output>
        </test-method> <!-- takeScreenShot -->
        <test-method signature="test(java.lang.String,java.lang.String)[pri:0, instance:testcases.AmazonLoginTest@4c60d6e9]" started-at="2023-10-10T16:07:20 IST" name="test" data-provider="dp" finished-at="2023-10-10T16:07:22 IST" duration-ms="1788" status="PASS">
          <params>
            <param index="0">
              <value>
                <![CDATA[bc]]>
              </value>
            </param>
            <param index="1">
              <value>
                <![CDATA[vvv]]>
              </value>
            </param>
          </params>
          <reporter-output>
          </reporter-output>
        </test-method> <!-- test -->
        <test-method is-config="true" signature="openBrowser(java.lang.String,java.lang.String)[pri:0, instance:testcases.AmazonLoginTest@4c60d6e9]" started-at="2023-10-10T16:07:22 IST" name="openBrowser" finished-at="2023-10-10T16:07:25 IST" duration-ms="2775" status="PASS">
          <params>
            <param index="0">
              <value>
                <![CDATA[chrome]]>
              </value>
            </param>
            <param index="1">
              <value>
                <![CDATA[https://www.amazon.in/]]>
              </value>
            </param>
          </params>
          <reporter-output>
          </reporter-output>
        </test-method> <!-- openBrowser -->
        <test-method is-config="true" signature="takeScreenShot(java.lang.String)[pri:0, instance:testcases.AmazonLoginTest@4c60d6e9]" started-at="2023-10-10T16:07:25 IST" name="takeScreenShot" finished-at="2023-10-10T16:07:26 IST" depends-on-methods="core.Page.openBrowser" duration-ms="971" status="PASS">
          <params>
            <param index="0">
              <value>
                <![CDATA[amazon]]>
              </value>
            </param>
          </params>
          <reporter-output>
          </reporter-output>
        </test-method> <!-- takeScreenShot -->
        <test-method signature="test(java.lang.String,java.lang.String)[pri:0, instance:testcases.AmazonLoginTest@4c60d6e9]" started-at="2023-10-10T16:07:26 IST" name="test" data-provider="dp" finished-at="2023-10-10T16:07:28 IST" duration-ms="2195" status="PASS">
          <params>
            <param index="0">
              <value>
                <![CDATA[cdf]]>
              </value>
            </param>
            <param index="1">
              <value>
                <![CDATA[hhh]]>
              </value>
            </param>
          </params>
          <reporter-output>
          </reporter-output>
        </test-method> <!-- test -->
        <test-method is-config="true" signature="openBrowser(java.lang.String,java.lang.String)[pri:0, instance:testcases.AmazonLoginTest@4c60d6e9]" started-at="2023-10-10T16:07:28 IST" name="openBrowser" finished-at="2023-10-10T16:07:33 IST" duration-ms="5568" status="PASS">
          <params>
            <param index="0">
              <value>
                <![CDATA[chrome]]>
              </value>
            </param>
            <param index="1">
              <value>
                <![CDATA[https://www.amazon.in/]]>
              </value>
            </param>
          </params>
          <reporter-output>
          </reporter-output>
        </test-method> <!-- openBrowser -->
        <test-method is-config="true" signature="takeScreenShot(java.lang.String)[pri:0, instance:testcases.AmazonLoginTest@4c60d6e9]" started-at="2023-10-10T16:07:33 IST" name="takeScreenShot" finished-at="2023-10-10T16:07:35 IST" depends-on-methods="core.Page.openBrowser" duration-ms="1387" status="PASS">
          <params>
            <param index="0">
              <value>
                <![CDATA[amazon]]>
              </value>
            </param>
          </params>
          <reporter-output>
          </reporter-output>
        </test-method> <!-- takeScreenShot -->
        <test-method signature="test(java.lang.String,java.lang.String)[pri:0, instance:testcases.AmazonLoginTest@4c60d6e9]" started-at="2023-10-10T16:07:35 IST" name="test" data-provider="dp" finished-at="2023-10-10T16:07:37 IST" duration-ms="2016" status="PASS">
          <params>
            <param index="0">
              <value>
                <![CDATA[sdf]]>
              </value>
            </param>
            <param index="1">
              <value>
                <![CDATA[yuhh]]>
              </value>
            </param>
          </params>
          <reporter-output>
          </reporter-output>
        </test-method> <!-- test -->
        <test-method is-config="true" signature="openBrowser(java.lang.String,java.lang.String)[pri:0, instance:testcases.AmazonLoginTest@4c60d6e9]" started-at="2023-10-10T16:07:37 IST" name="openBrowser" finished-at="2023-10-10T16:07:39 IST" duration-ms="2587" status="PASS">
          <params>
            <param index="0">
              <value>
                <![CDATA[chrome]]>
              </value>
            </param>
            <param index="1">
              <value>
                <![CDATA[https://www.amazon.in/]]>
              </value>
            </param>
          </params>
          <reporter-output>
          </reporter-output>
        </test-method> <!-- openBrowser -->
        <test-method is-config="true" signature="takeScreenShot(java.lang.String)[pri:0, instance:testcases.AmazonLoginTest@4c60d6e9]" started-at="2023-10-10T16:07:39 IST" name="takeScreenShot" finished-at="2023-10-10T16:07:40 IST" depends-on-methods="core.Page.openBrowser" duration-ms="837" status="PASS">
          <params>
            <param index="0">
              <value>
                <![CDATA[amazon]]>
              </value>
            </param>
          </params>
          <reporter-output>
          </reporter-output>
        </test-method> <!-- takeScreenShot -->
        <test-method signature="test(java.lang.String,java.lang.String)[pri:0, instance:testcases.AmazonLoginTest@4c60d6e9]" started-at="2023-10-10T16:07:40 IST" name="test" data-provider="dp" finished-at="2023-10-10T16:09:43 IST" duration-ms="122285" status="PASS">
          <params>
            <param index="0">
              <value>
                <![CDATA[paragguide@yahoo.co.in]]>
              </value>
            </param>
            <param index="1">
              <value>
                <![CDATA[RMinfotech]]>
              </value>
            </param>
          </params>
          <reporter-output>
          </reporter-output>
        </test-method> <!-- test -->
        <test-method is-config="true" signature="closeWBConnection()[pri:0, instance:testcases.AmazonLoginTest@4c60d6e9]" started-at="2023-10-10T16:09:43 IST" name="closeWBConnection" finished-at="2023-10-10T16:09:43 IST" duration-ms="0" status="PASS">
          <reporter-output>
          </reporter-output>
        </test-method> <!-- closeWBConnection -->
        <test-method is-config="true" signature="closeReport()[pri:0, instance:testcases.AmazonLoginTest@4c60d6e9]" started-at="2023-10-10T16:09:47 IST" name="closeReport" finished-at="2023-10-10T16:09:47 IST" duration-ms="399" status="PASS">
          <reporter-output>
          </reporter-output>
        </test-method> <!-- closeReport -->
      </class> <!-- testcases.AmazonLoginTest -->
      <class name="testcases.AmazonSearch">
        <test-method signature="searchtest()[pri:0, instance:testcases.AmazonSearch@4a83a74a]" started-at="2023-10-10T16:09:43 IST" name="searchtest" finished-at="2023-10-10T16:09:47 IST" duration-ms="4049" status="PASS">
          <reporter-output>
          </reporter-output>
        </test-method> <!-- searchtest -->
      </class> <!-- testcases.AmazonSearch -->
    </test> <!-- amazon -->
  </suite> <!-- Suite -->
</testng-results>
